2026-04-22 21:34:00,588 INFO o.a.j.u.JMeterUtils: Setting Locale to en_EN
2026-04-22 21:34:00,634 INFO o.a.j.JMeter: Loading user properties from: C:\Users\Asus\Desktop\ПНАЯВУ\JobSearchPlatform\JMeter\apache-jmeter-5.6.3\bin\user.properties
2026-04-22 21:34:00,635 INFO o.a.j.JMeter: Loading system properties from: C:\Users\Asus\Desktop\ПНАЯВУ\JobSearchPlatform\JMeter\apache-jmeter-5.6.3\bin\system.properties
2026-04-22 21:34:00,644 INFO o.a.j.JMeter: Copyright (c) 1998-2024 The Apache Software Foundation
2026-04-22 21:34:00,645 INFO o.a.j.JMeter: Version 5.6.3
2026-04-22 21:34:00,645 INFO o.a.j.JMeter: java.version=23.0.1
2026-04-22 21:34:00,645 INFO o.a.j.JMeter: java.vm.name=Java HotSpot(TM) 64-Bit Server VM
2026-04-22 21:34:00,645 INFO o.a.j.JMeter: os.name=Windows 10
2026-04-22 21:34:00,645 INFO o.a.j.JMeter: os.arch=amd64
2026-04-22 21:34:00,645 INFO o.a.j.JMeter: os.version=10.0
2026-04-22 21:34:00,645 INFO o.a.j.JMeter: file.encoding=UTF-8
2026-04-22 21:34:00,646 INFO o.a.j.JMeter: java.awt.headless=true
2026-04-22 21:34:00,646 INFO o.a.j.JMeter: Max memory     =1073741824
2026-04-22 21:34:00,646 INFO o.a.j.JMeter: Available Processors =8
2026-04-22 21:34:00,668 INFO o.a.j.JMeter: Default Locale=English (EN)
2026-04-22 21:34:00,669 INFO o.a.j.JMeter: JMeter  Locale=English (EN)
2026-04-22 21:34:00,669 INFO o.a.j.JMeter: JMeterHome=C:\Users\Asus\Desktop\ПНАЯВУ\JobSearchPlatform\JMeter\apache-jmeter-5.6.3
2026-04-22 21:34:00,669 INFO o.a.j.JMeter: user.dir  =C:\Users\Asus\Desktop\ПНАЯВУ\JobSearchPlatform
2026-04-22 21:34:00,669 INFO o.a.j.JMeter: PWD       =C:\Users\Asus\Desktop\ПНАЯВУ\JobSearchPlatform
2026-04-22 21:34:00,670 INFO o.a.j.JMeter: IP: 10.0.4.241 Name: DESKTOP-794A1MB FullName: DESKTOP-794A1MB
2026-04-22 21:34:00,685 INFO o.a.j.JMeter: Setting property 'jmeter.reportgenerator.outputdir' to:'C:\Users\Asus\Desktop\ПНАЯВУ\JobSearchPlatform\JMeter\results\html-report'
2026-04-22 21:34:00,689 INFO o.a.j.s.FileServer: Default base='C:\Users\Asus\Desktop\ПНАЯВУ\JobSearchPlatform'
2026-04-22 21:34:00,690 INFO o.a.j.s.FileServer: Set new base='C:\Users\Asus\Desktop\ПНАЯВУ\JobSearchPlatform\JMeter'
2026-04-22 21:34:00,943 INFO o.a.j.s.SaveService: Testplan (JMX) version: 2.2. Testlog (JTL) version: 2.2
2026-04-22 21:34:00,979 INFO o.a.j.s.SaveService: Using SaveService properties version 5.0
2026-04-22 21:34:00,983 INFO o.a.j.s.SaveService: Using SaveService properties file encoding UTF-8
2026-04-22 21:34:00,987 INFO o.a.j.s.SaveService: Loading file: JMeter\race-condition-load-test.jmx
2026-04-22 21:34:01,059 INFO o.a.j.p.h.s.HTTPSamplerBase: Parser for text/html is org.apache.jmeter.protocol.http.parser.LagartoBasedHtmlParser
2026-04-22 21:34:01,059 INFO o.a.j.p.h.s.HTTPSamplerBase: Parser for application/xhtml+xml is org.apache.jmeter.protocol.http.parser.LagartoBasedHtmlParser
2026-04-22 21:34:01,059 INFO o.a.j.p.h.s.HTTPSamplerBase: Parser for application/xml is org.apache.jmeter.protocol.http.parser.LagartoBasedHtmlParser
2026-04-22 21:34:01,059 INFO o.a.j.p.h.s.HTTPSamplerBase: Parser for text/xml is org.apache.jmeter.protocol.http.parser.LagartoBasedHtmlParser
2026-04-22 21:34:01,059 INFO o.a.j.p.h.s.HTTPSamplerBase: Parser for text/vnd.wap.wml is org.apache.jmeter.protocol.http.parser.RegexpHTMLParser
2026-04-22 21:34:01,059 INFO o.a.j.p.h.s.HTTPSamplerBase: Parser for text/css is org.apache.jmeter.protocol.http.parser.CssParser
2026-04-22 21:34:01,074 INFO o.a.j.JMeter: Creating summariser <summary>
2026-04-22 21:34:01,086 INFO o.a.j.r.d.ReportGenerator: ReportGenerator will use for Parsing the separator: ','
2026-04-22 21:34:01,087 INFO o.a.j.r.d.ReportGenerator: Will generate report at end of test from  results file: JMeter\results\race-condition-results.jtl
2026-04-22 21:34:01,087 INFO o.a.j.r.d.ReportGenerator: Reading report generator properties from: C:\Users\Asus\Desktop\ПНАЯВУ\JobSearchPlatform\JMeter\apache-jmeter-5.6.3\bin\reportgenerator.properties
2026-04-22 21:34:01,088 INFO o.a.j.r.d.ReportGenerator: Merging with JMeter properties
2026-04-22 21:34:01,095 INFO o.a.j.r.c.ReportGeneratorConfiguration: Property 'jmeter.reportgenerator.temp_dir' not found, using default value 'temp' instead.
2026-04-22 21:34:01,098 INFO o.a.j.r.c.ReportGeneratorConfiguration: Property 'jmeter.reportgenerator.apdex_per_transaction' not found, using default value 'null' instead.
2026-04-22 21:34:01,098 INFO o.a.j.r.c.ReportGeneratorConfiguration: apdex_per_transaction is empty, not APDEX per transaction customization
2026-04-22 21:34:01,099 INFO o.a.j.r.c.ReportGeneratorConfiguration: Property 'jmeter.reportgenerator.sample_filter' not found, using default value 'null' instead.
2026-04-22 21:34:01,099 INFO o.a.j.r.c.ReportGeneratorConfiguration: Property 'jmeter.reportgenerator.report_title' not found, using default value 'null' instead.
2026-04-22 21:34:01,099 INFO o.a.j.r.c.ReportGeneratorConfiguration: Property 'jmeter.reportgenerator.start_date' not found, using default value 'null' instead.
2026-04-22 21:34:01,099 INFO o.a.j.r.c.ReportGeneratorConfiguration: Property 'jmeter.reportgenerator.end_date' not found, using default value 'null' instead.
2026-04-22 21:34:01,099 INFO o.a.j.r.c.ReportGeneratorConfiguration: Property 'jmeter.reportgenerator.date_format' not found, using default value 'null' instead.
2026-04-22 21:34:01,099 INFO o.a.j.r.c.ReportGeneratorConfiguration: Will use date range start date: null, end date: null
2026-04-22 21:34:01,105 INFO o.a.j.r.c.ReportGeneratorConfiguration: Property 'jmeter.reportgenerator.graph.totalTPS.exclude_controllers' not found, using default value 'false' instead.
2026-04-22 21:34:01,105 INFO o.a.j.r.c.ReportGeneratorConfiguration: Property 'jmeter.reportgenerator.graph.activeThreadsOverTime.exclude_controllers' not found, using default value 'false' instead.
2026-04-22 21:34:01,105 INFO o.a.j.r.c.ReportGeneratorConfiguration: Property 'jmeter.reportgenerator.graph.timeVsThreads.exclude_controllers' not found, using default value 'false' instead.
2026-04-22 21:34:01,105 INFO o.a.j.r.c.ReportGeneratorConfiguration: Property 'jmeter.reportgenerator.graph.responseTimeDistribution.exclude_controllers' not found, using default value 'false' instead.
2026-04-22 21:34:01,105 INFO o.a.j.r.c.ReportGeneratorConfiguration: Property 'jmeter.reportgenerator.graph.transactionsPerSecond.exclude_controllers' not found, using default value 'false' instead.
2026-04-22 21:34:01,105 INFO o.a.j.r.c.ReportGeneratorConfiguration: Property 'jmeter.reportgenerator.graph.responseTimePercentiles.exclude_controllers' not found, using default value 'false' instead.
2026-04-22 21:34:01,105 INFO o.a.j.r.c.ReportGeneratorConfiguration: Property 'jmeter.reportgenerator.graph.responseTimePercentilesOverTime.exclude_controllers' not found, using default value 'false' instead.
2026-04-22 21:34:01,105 INFO o.a.j.r.c.ReportGeneratorConfiguration: Property 'jmeter.reportgenerator.graph.responseTimesOverTime.exclude_controllers' not found, using default value 'false' instead.
2026-04-22 21:34:01,105 INFO o.a.j.r.c.ReportGeneratorConfiguration: Property 'jmeter.reportgenerator.graph.connectTimeOverTime.exclude_controllers' not found, using default value 'false' instead.
2026-04-22 21:34:01,106 INFO o.a.j.r.c.ReportGeneratorConfiguration: Property 'jmeter.reportgenerator.graph.latenciesOverTime.exclude_controllers' not found, using default value 'false' instead.
2026-04-22 21:34:01,106 INFO o.a.j.r.c.ReportGeneratorConfiguration: Property 'jmeter.reportgenerator.exporter.json.filters_only_sample_series' not found, using default value 'true' instead.
2026-04-22 21:34:01,106 INFO o.a.j.r.c.ReportGeneratorConfiguration: Property 'jmeter.reportgenerator.exporter.json.series_filter' not found, using default value '' instead.
2026-04-22 21:34:01,106 INFO o.a.j.r.c.ReportGeneratorConfiguration: Property 'jmeter.reportgenerator.exporter.json.show_controllers_only' not found, using default value 'false' instead.
2026-04-22 21:34:01,107 INFO o.a.j.r.c.ReportGeneratorConfiguration: Property 'jmeter.reportgenerator.exporter.html.filters_only_sample_series' not found, using default value 'true' instead.
2026-04-22 21:34:01,107 INFO o.a.j.r.c.ReportGeneratorConfiguration: Property 'jmeter.reportgenerator.exporter.html.series_filter' not found, using default value '' instead.
2026-04-22 21:34:01,107 INFO o.a.j.r.c.ReportGeneratorConfiguration: Property 'jmeter.reportgenerator.exporter.html.show_controllers_only' not found, using default value 'false' instead.
2026-04-22 21:34:01,126 INFO o.a.j.e.StandardJMeterEngine: Running the test!
2026-04-22 21:34:01,128 INFO o.a.j.s.SampleEvent: List of sample_variables: []
2026-04-22 21:34:01,128 INFO o.a.j.s.SampleEvent: List of sample_variables: []
2026-04-22 21:34:01,135 INFO o.a.j.e.u.CompoundVariable: Note: Function class names must contain the string: '.functions.'
2026-04-22 21:34:01,135 INFO o.a.j.e.u.CompoundVariable: Note: Function class names must not contain the string: '.gui.'
2026-04-22 21:34:01,236 INFO o.a.j.JMeter: Running test (1776882841236)
2026-04-22 21:34:01,258 INFO o.a.j.e.StandardJMeterEngine: Starting ThreadGroup: 1 : 64 Users x 5 Iterations
2026-04-22 21:34:01,258 INFO o.a.j.e.StandardJMeterEngine: Starting 64 threads for group 64 Users x 5 Iterations.
2026-04-22 21:34:01,258 INFO o.a.j.e.StandardJMeterEngine: Thread will continue on error
2026-04-22 21:34:01,258 INFO o.a.j.t.ThreadGroup: Starting thread group... number=1 threads=64 ramp-up=5 delayedStart=false
2026-04-22 21:34:01,269 INFO o.a.j.t.JMeterThread: Thread started: 64 Users x 5 Iterations 1-1
2026-04-22 21:34:01,286 INFO o.a.j.t.ThreadGroup: Started thread group number 1
2026-04-22 21:34:01,286 INFO o.a.j.e.StandardJMeterEngine: All thread groups have been started
2026-04-22 21:34:01,295 INFO o.a.j.p.h.s.HTTPHCAbstractImpl: Local host = DESKTOP-794A1MB
2026-04-22 21:34:01,303 INFO o.a.j.p.h.s.HTTPHC4Impl: HTTP request retry count = 0
2026-04-22 21:34:01,305 INFO o.a.j.s.SampleResult: Note: Sample TimeStamps are START times
2026-04-22 21:34:01,305 INFO o.a.j.s.SampleResult: sampleresult.default.encoding is set to UTF-8
2026-04-22 21:34:01,305 INFO o.a.j.s.SampleResult: sampleresult.useNanoTime=true
2026-04-22 21:34:01,305 INFO o.a.j.s.SampleResult: sampleresult.nanoThreadSleep=5000
2026-04-22 21:34:01,341 INFO o.a.j.t.JMeterThread: Thread started: 64 Users x 5 Iterations 1-2
2026-04-22 21:34:01,419 INFO o.a.j.t.JMeterThread: Thread started: 64 Users x 5 Iterations 1-3
2026-04-22 21:34:01,497 INFO o.a.j.t.JMeterThread: Thread started: 64 Users x 5 Iterations 1-4
2026-04-22 21:34:01,573 INFO o.a.j.t.JMeterThread: Thread started: 64 Users x 5 Iterations 1-5
2026-04-22 21:34:01,651 INFO o.a.j.t.JMeterThread: Thread started: 64 Users x 5 Iterations 1-6
2026-04-22 21:34:01,678 INFO o.a.j.r.Summariser: summary +      1 in 00:00:00 =    2.3/s Avg:   297 Min:   297 Max:   297 Err:     0 (0.00%) Active: 6 Started: 6 Finished: 0
2026-04-22 21:34:01,728 INFO o.a.j.t.JMeterThread: Thread started: 64 Users x 5 Iterations 1-7
2026-04-22 21:34:01,805 INFO o.a.j.t.JMeterThread: Thread started: 64 Users x 5 Iterations 1-8
2026-04-22 21:34:01,884 INFO o.a.j.t.JMeterThread: Thread started: 64 Users x 5 Iterations 1-9
2026-04-22 21:34:01,963 INFO o.a.j.t.JMeterThread: Thread started: 64 Users x 5 Iterations 1-10
2026-04-22 21:34:02,039 INFO o.a.j.t.JMeterThread: Thread started: 64 Users x 5 Iterations 1-11
2026-04-22 21:34:02,117 INFO o.a.j.t.JMeterThread: Thread started: 64 Users x 5 Iterations 1-12
2026-04-22 21:34:02,194 INFO o.a.j.t.JMeterThread: Thread started: 64 Users x 5 Iterations 1-13
2026-04-22 21:34:02,273 INFO o.a.j.t.JMeterThread: Thread started: 64 Users x 5 Iterations 1-14
2026-04-22 21:34:02,351 INFO o.a.j.t.JMeterThread: Thread started: 64 Users x 5 Iterations 1-15
2026-04-22 21:34:02,432 INFO o.a.j.t.JMeterThread: Thread started: 64 Users x 5 Iterations 1-16
2026-04-22 21:34:02,507 INFO o.a.j.t.JMeterThread: Thread started: 64 Users x 5 Iterations 1-17
2026-04-22 21:34:02,586 INFO o.a.j.t.JMeterThread: Thread started: 64 Users x 5 Iterations 1-18
2026-04-22 21:34:02,670 INFO o.a.j.t.JMeterThread: Thread started: 64 Users x 5 Iterations 1-19
2026-04-22 21:34:02,744 INFO o.a.j.t.JMeterThread: Thread started: 64 Users x 5 Iterations 1-20
2026-04-22 21:34:02,819 INFO o.a.j.t.JMeterThread: Thread started: 64 Users x 5 Iterations 1-21
2026-04-22 21:34:02,897 INFO o.a.j.t.JMeterThread: Thread started: 64 Users x 5 Iterations 1-22
2026-04-22 21:34:02,976 INFO o.a.j.t.JMeterThread: Thread started: 64 Users x 5 Iterations 1-23
2026-04-22 21:34:03,055 INFO o.a.j.t.JMeterThread: Thread started: 64 Users x 5 Iterations 1-24
2026-04-22 21:34:03,131 INFO o.a.j.t.JMeterThread: Thread started: 64 Users x 5 Iterations 1-25
2026-04-22 21:34:03,210 INFO o.a.j.t.JMeterThread: Thread started: 64 Users x 5 Iterations 1-26
2026-04-22 21:34:03,288 INFO o.a.j.t.JMeterThread: Thread started: 64 Users x 5 Iterations 1-27
2026-04-22 21:34:03,366 INFO o.a.j.t.JMeterThread: Thread started: 64 Users x 5 Iterations 1-28
2026-04-22 21:34:03,443 INFO o.a.j.t.JMeterThread: Thread started: 64 Users x 5 Iterations 1-29
2026-04-22 21:34:03,522 INFO o.a.j.t.JMeterThread: Thread started: 64 Users x 5 Iterations 1-30
2026-04-22 21:34:03,670 INFO o.a.j.t.JMeterThread: Thread started: 64 Users x 5 Iterations 1-31
2026-04-22 21:34:03,688 INFO o.a.j.t.JMeterThread: Thread started: 64 Users x 5 Iterations 1-32
2026-04-22 21:34:03,757 INFO o.a.j.t.JMeterThread: Thread started: 64 Users x 5 Iterations 1-33
2026-04-22 21:34:03,834 INFO o.a.j.t.JMeterThread: Thread started: 64 Users x 5 Iterations 1-34
2026-04-22 21:34:03,914 INFO o.a.j.t.JMeterThread: Thread started: 64 Users x 5 Iterations 1-35
2026-04-22 21:34:03,992 INFO o.a.j.t.JMeterThread: Thread started: 64 Users x 5 Iterations 1-36
2026-04-22 21:34:04,067 INFO o.a.j.t.JMeterThread: Thread started: 64 Users x 5 Iterations 1-37
2026-04-22 21:34:04,149 INFO o.a.j.t.JMeterThread: Thread started: 64 Users x 5 Iterations 1-38
2026-04-22 21:34:04,223 INFO o.a.j.t.JMeterThread: Thread started: 64 Users x 5 Iterations 1-39
2026-04-22 21:34:04,301 INFO o.a.j.t.JMeterThread: Thread started: 64 Users x 5 Iterations 1-40
2026-04-22 21:34:04,380 INFO o.a.j.t.JMeterThread: Thread started: 64 Users x 5 Iterations 1-41
2026-04-22 21:34:04,458 INFO o.a.j.t.JMeterThread: Thread started: 64 Users x 5 Iterations 1-42
2026-04-22 21:34:04,535 INFO o.a.j.t.JMeterThread: Thread started: 64 Users x 5 Iterations 1-43
2026-04-22 21:34:04,615 INFO o.a.j.t.JMeterThread: Thread started: 64 Users x 5 Iterations 1-44
2026-04-22 21:34:04,690 INFO o.a.j.t.JMeterThread: Thread started: 64 Users x 5 Iterations 1-45
2026-04-22 21:34:04,773 INFO o.a.j.t.JMeterThread: Thread started: 64 Users x 5 Iterations 1-46
2026-04-22 21:34:04,848 INFO o.a.j.t.JMeterThread: Thread started: 64 Users x 5 Iterations 1-47
2026-04-22 21:34:04,926 INFO o.a.j.t.JMeterThread: Thread started: 64 Users x 5 Iterations 1-48
2026-04-22 21:34:05,004 INFO o.a.j.t.JMeterThread: Thread started: 64 Users x 5 Iterations 1-49
2026-04-22 21:34:05,082 INFO o.a.j.t.JMeterThread: Thread started: 64 Users x 5 Iterations 1-50
2026-04-22 21:34:05,160 INFO o.a.j.t.JMeterThread: Thread started: 64 Users x 5 Iterations 1-51
2026-04-22 21:34:05,314 INFO o.a.j.t.JMeterThread: Thread started: 64 Users x 5 Iterations 1-53
2026-04-22 21:34:05,321 INFO o.a.j.t.JMeterThread: Thread started: 64 Users x 5 Iterations 1-52
2026-04-22 21:34:05,399 INFO o.a.j.t.JMeterThread: Thread started: 64 Users x 5 Iterations 1-54
2026-04-22 21:34:05,475 INFO o.a.j.t.JMeterThread: Thread started: 64 Users x 5 Iterations 1-55
2026-04-22 21:34:05,549 INFO o.a.j.t.JMeterThread: Thread started: 64 Users x 5 Iterations 1-56
2026-04-22 21:34:05,628 INFO o.a.j.t.JMeterThread: Thread started: 64 Users x 5 Iterations 1-57
2026-04-22 21:34:05,706 INFO o.a.j.t.JMeterThread: Thread started: 64 Users x 5 Iterations 1-58
2026-04-22 21:34:05,819 INFO o.a.j.t.JMeterThread: Thread started: 64 Users x 5 Iterations 1-59
2026-04-22 21:34:05,868 INFO o.a.j.t.JMeterThread: Thread started: 64 Users x 5 Iterations 1-60
2026-04-22 21:34:05,944 INFO o.a.j.t.JMeterThread: Thread started: 64 Users x 5 Iterations 1-61
2026-04-22 21:34:06,020 INFO o.a.j.t.JMeterThread: Thread started: 64 Users x 5 Iterations 1-62
2026-04-22 21:34:06,098 INFO o.a.j.t.JMeterThread: Thread started: 64 Users x 5 Iterations 1-63
2026-04-22 21:34:06,173 INFO o.a.j.t.JMeterThread: Thread started: 64 Users x 5 Iterations 1-64
2026-04-22 21:34:10,076 INFO o.a.j.t.JMeterThread: Thread is done: 64 Users x 5 Iterations 1-1
2026-04-22 21:34:10,077 INFO o.a.j.t.JMeterThread: Thread finished: 64 Users x 5 Iterations 1-1
2026-04-22 21:34:12,033 INFO o.a.j.t.JMeterThread: Thread is done: 64 Users x 5 Iterations 1-4
2026-04-22 21:34:12,033 INFO o.a.j.t.JMeterThread: Thread finished: 64 Users x 5 Iterations 1-4
2026-04-22 21:34:19,239 INFO o.a.j.t.JMeterThread: Thread is done: 64 Users x 5 Iterations 1-3
2026-04-22 21:34:19,239 INFO o.a.j.t.JMeterThread: Thread finished: 64 Users x 5 Iterations 1-3
2026-04-22 21:34:19,708 INFO o.a.j.t.JMeterThread: Thread is done: 64 Users x 5 Iterations 1-7
2026-04-22 21:34:19,709 INFO o.a.j.t.JMeterThread: Thread finished: 64 Users x 5 Iterations 1-7
2026-04-22 21:34:19,864 INFO o.a.j.t.JMeterThread: Thread is done: 64 Users x 5 Iterations 1-5
2026-04-22 21:34:19,864 INFO o.a.j.t.JMeterThread: Thread finished: 64 Users x 5 Iterations 1-5
2026-04-22 21:34:20,572 INFO o.a.j.t.JMeterThread: Thread is done: 64 Users x 5 Iterations 1-2
2026-04-22 21:34:20,572 INFO o.a.j.t.JMeterThread: Thread finished: 64 Users x 5 Iterations 1-2
2026-04-22 21:34:21,358 INFO o.a.j.t.JMeterThread: Thread is done: 64 Users x 5 Iterations 1-10
2026-04-22 21:34:21,358 INFO o.a.j.t.JMeterThread: Thread finished: 64 Users x 5 Iterations 1-10
2026-04-22 21:34:21,365 INFO o.a.j.t.JMeterThread: Thread is done: 64 Users x 5 Iterations 1-11
2026-04-22 21:34:21,365 INFO o.a.j.t.JMeterThread: Thread finished: 64 Users x 5 Iterations 1-11
2026-04-22 21:34:26,632 INFO o.a.j.t.JMeterThread: Thread is done: 64 Users x 5 Iterations 1-13
2026-04-22 21:34:26,632 INFO o.a.j.t.JMeterThread: Thread finished: 64 Users x 5 Iterations 1-13
2026-04-22 21:34:26,757 INFO o.a.j.t.JMeterThread: Thread is done: 64 Users x 5 Iterations 1-8
2026-04-22 21:34:26,757 INFO o.a.j.t.JMeterThread: Thread finished: 64 Users x 5 Iterations 1-8
2026-04-22 21:34:26,808 INFO o.a.j.t.JMeterThread: Thread is done: 64 Users x 5 Iterations 1-14
2026-04-22 21:34:26,808 INFO o.a.j.t.JMeterThread: Thread finished: 64 Users x 5 Iterations 1-14
2026-04-22 21:34:27,223 INFO o.a.j.t.JMeterThread: Thread is done: 64 Users x 5 Iterations 1-12
2026-04-22 21:34:27,223 INFO o.a.j.t.JMeterThread: Thread finished: 64 Users x 5 Iterations 1-12
2026-04-22 21:34:27,769 INFO o.a.j.t.JMeterThread: Thread is done: 64 Users x 5 Iterations 1-9
2026-04-22 21:34:27,769 INFO o.a.j.t.JMeterThread: Thread finished: 64 Users x 5 Iterations 1-9
2026-04-22 21:34:27,848 INFO o.a.j.t.JMeterThread: Thread is done: 64 Users x 5 Iterations 1-20
2026-04-22 21:34:27,848 INFO o.a.j.t.JMeterThread: Thread finished: 64 Users x 5 Iterations 1-20
2026-04-22 21:34:28,116 INFO o.a.j.t.JMeterThread: Thread is done: 64 Users x 5 Iterations 1-6
2026-04-22 21:34:28,116 INFO o.a.j.t.JMeterThread: Thread finished: 64 Users x 5 Iterations 1-6
2026-04-22 21:34:28,578 INFO o.a.j.t.JMeterThread: Thread is done: 64 Users x 5 Iterations 1-30
2026-04-22 21:34:28,578 INFO o.a.j.t.JMeterThread: Thread finished: 64 Users x 5 Iterations 1-30
2026-04-22 21:34:28,874 INFO o.a.j.t.JMeterThread: Thread is done: 64 Users x 5 Iterations 1-29
2026-04-22 21:34:28,874 INFO o.a.j.t.JMeterThread: Thread finished: 64 Users x 5 Iterations 1-29
2026-04-22 21:34:31,419 INFO o.a.j.r.Summariser: summary +    248 in 00:00:30 =    8.3/s Avg:  5752 Min:   255 Max: 10469 Err:     0 (0.00%) Active: 47 Started: 64 Finished: 17
2026-04-22 21:34:31,420 INFO o.a.j.r.Summariser: summary =    249 in 00:00:30 =    8.2/s Avg:  5730 Min:   255 Max: 10469 Err:     0 (0.00%)
2026-04-22 21:34:31,420 INFO o.a.j.t.JMeterThread: Thread is done: 64 Users x 5 Iterations 1-26
2026-04-22 21:34:31,420 INFO o.a.j.t.JMeterThread: Thread finished: 64 Users x 5 Iterations 1-26
2026-04-22 21:34:31,522 INFO o.a.j.t.JMeterThread: Thread is done: 64 Users x 5 Iterations 1-19
2026-04-22 21:34:31,523 INFO o.a.j.t.JMeterThread: Thread finished: 64 Users x 5 Iterations 1-19
2026-04-22 21:34:33,109 INFO o.a.j.t.JMeterThread: Thread is done: 64 Users x 5 Iterations 1-39
2026-04-22 21:34:33,109 INFO o.a.j.t.JMeterThread: Thread finished: 64 Users x 5 Iterations 1-39
2026-04-22 21:34:33,207 INFO o.a.j.t.JMeterThread: Thread is done: 64 Users x 5 Iterations 1-45
2026-04-22 21:34:33,207 INFO o.a.j.t.JMeterThread: Thread finished: 64 Users x 5 Iterations 1-45
2026-04-22 21:34:33,341 INFO o.a.j.t.JMeterThread: Thread is done: 64 Users x 5 Iterations 1-16
2026-04-22 21:34:33,341 INFO o.a.j.t.JMeterThread: Thread finished: 64 Users x 5 Iterations 1-16
2026-04-22 21:34:33,389 INFO o.a.j.t.JMeterThread: Thread is done: 64 Users x 5 Iterations 1-55
2026-04-22 21:34:33,389 INFO o.a.j.t.JMeterThread: Thread finished: 64 Users x 5 Iterations 1-55
2026-04-22 21:34:33,482 INFO o.a.j.t.JMeterThread: Thread is done: 64 Users x 5 Iterations 1-34
2026-04-22 21:34:33,482 INFO o.a.j.t.JMeterThread: Thread finished: 64 Users x 5 Iterations 1-34
2026-04-22 21:34:33,545 INFO o.a.j.t.JMeterThread: Thread is done: 64 Users x 5 Iterations 1-15
2026-04-22 21:34:33,545 INFO o.a.j.t.JMeterThread: Thread finished: 64 Users x 5 Iterations 1-15
2026-04-22 21:34:33,582 INFO o.a.j.t.JMeterThread: Thread is done: 64 Users x 5 Iterations 1-36
2026-04-22 21:34:33,583 INFO o.a.j.t.JMeterThread: Thread finished: 64 Users x 5 Iterations 1-36
2026-04-22 21:34:33,602 INFO o.a.j.t.JMeterThread: Thread is done: 64 Users x 5 Iterations 1-27
2026-04-22 21:34:33,602 INFO o.a.j.t.JMeterThread: Thread finished: 64 Users x 5 Iterations 1-27
2026-04-22 21:34:33,765 INFO o.a.j.t.JMeterThread: Thread is done: 64 Users x 5 Iterations 1-23
2026-04-22 21:34:33,765 INFO o.a.j.t.JMeterThread: Thread finished: 64 Users x 5 Iterations 1-23
2026-04-22 21:34:33,808 INFO o.a.j.t.JMeterThread: Thread is done: 64 Users x 5 Iterations 1-22
2026-04-22 21:34:33,808 INFO o.a.j.t.JMeterThread: Thread finished: 64 Users x 5 Iterations 1-22
2026-04-22 21:34:33,837 INFO o.a.j.t.JMeterThread: Thread is done: 64 Users x 5 Iterations 1-18
2026-04-22 21:34:33,837 INFO o.a.j.t.JMeterThread: Thread finished: 64 Users x 5 Iterations 1-18
2026-04-22 21:34:33,858 INFO o.a.j.t.JMeterThread: Thread is done: 64 Users x 5 Iterations 1-25
2026-04-22 21:34:33,858 INFO o.a.j.t.JMeterThread: Thread finished: 64 Users x 5 Iterations 1-25
2026-04-22 21:34:33,912 INFO o.a.j.t.JMeterThread: Thread is done: 64 Users x 5 Iterations 1-35
2026-04-22 21:34:33,913 INFO o.a.j.t.JMeterThread: Thread finished: 64 Users x 5 Iterations 1-35
2026-04-22 21:34:33,933 INFO o.a.j.t.JMeterThread: Thread is done: 64 Users x 5 Iterations 1-28
2026-04-22 21:34:33,935 INFO o.a.j.t.JMeterThread: Thread finished: 64 Users x 5 Iterations 1-28
2026-04-22 21:34:33,988 INFO o.a.j.t.JMeterThread: Thread is done: 64 Users x 5 Iterations 1-31
2026-04-22 21:34:33,989 INFO o.a.j.t.JMeterThread: Thread finished: 64 Users x 5 Iterations 1-31
2026-04-22 21:34:34,008 INFO o.a.j.t.JMeterThread: Thread is done: 64 Users x 5 Iterations 1-24
2026-04-22 21:34:34,008 INFO o.a.j.t.JMeterThread: Thread finished: 64 Users x 5 Iterations 1-24
2026-04-22 21:34:34,060 INFO o.a.j.t.JMeterThread: Thread is done: 64 Users x 5 Iterations 1-33
2026-04-22 21:34:34,060 INFO o.a.j.t.JMeterThread: Thread finished: 64 Users x 5 Iterations 1-33
2026-04-22 21:34:34,116 INFO o.a.j.t.JMeterThread: Thread is done: 64 Users x 5 Iterations 1-32
2026-04-22 21:34:34,116 INFO o.a.j.t.JMeterThread: Thread is done: 64 Users x 5 Iterations 1-17
2026-04-22 21:34:34,116 INFO o.a.j.t.JMeterThread: Thread finished: 64 Users x 5 Iterations 1-32
2026-04-22 21:34:34,116 INFO o.a.j.t.JMeterThread: Thread finished: 64 Users x 5 Iterations 1-17
2026-04-22 21:34:34,152 INFO o.a.j.t.JMeterThread: Thread is done: 64 Users x 5 Iterations 1-21
2026-04-22 21:34:34,152 INFO o.a.j.t.JMeterThread: Thread finished: 64 Users x 5 Iterations 1-21
2026-04-22 21:34:34,172 INFO o.a.j.t.JMeterThread: Thread is done: 64 Users x 5 Iterations 1-60
2026-04-22 21:34:34,172 INFO o.a.j.t.JMeterThread: Thread finished: 64 Users x 5 Iterations 1-60
2026-04-22 21:34:34,190 INFO o.a.j.t.JMeterThread: Thread is done: 64 Users x 5 Iterations 1-49
2026-04-22 21:34:34,190 INFO o.a.j.t.JMeterThread: Thread finished: 64 Users x 5 Iterations 1-49
2026-04-22 21:34:35,105 INFO o.a.j.t.JMeterThread: Thread is done: 64 Users x 5 Iterations 1-56
2026-04-22 21:34:35,105 INFO o.a.j.t.JMeterThread: Thread finished: 64 Users x 5 Iterations 1-56
2026-04-22 21:34:35,195 INFO o.a.j.t.JMeterThread: Thread is done: 64 Users x 5 Iterations 1-52
2026-04-22 21:34:35,196 INFO o.a.j.t.JMeterThread: Thread finished: 64 Users x 5 Iterations 1-52
2026-04-22 21:34:35,227 INFO o.a.j.t.JMeterThread: Thread is done: 64 Users x 5 Iterations 1-48
2026-04-22 21:34:35,227 INFO o.a.j.t.JMeterThread: Thread finished: 64 Users x 5 Iterations 1-48
2026-04-22 21:34:35,454 INFO o.a.j.t.JMeterThread: Thread is done: 64 Users x 5 Iterations 1-38
2026-04-22 21:34:35,454 INFO o.a.j.t.JMeterThread: Thread finished: 64 Users x 5 Iterations 1-38
2026-04-22 21:34:35,516 INFO o.a.j.t.JMeterThread: Thread is done: 64 Users x 5 Iterations 1-46
2026-04-22 21:34:35,516 INFO o.a.j.t.JMeterThread: Thread finished: 64 Users x 5 Iterations 1-46
2026-04-22 21:34:35,559 INFO o.a.j.t.JMeterThread: Thread is done: 64 Users x 5 Iterations 1-64
2026-04-22 21:34:35,559 INFO o.a.j.t.JMeterThread: Thread is done: 64 Users x 5 Iterations 1-62
2026-04-22 21:34:35,559 INFO o.a.j.t.JMeterThread: Thread finished: 64 Users x 5 Iterations 1-62
2026-04-22 21:34:35,559 INFO o.a.j.t.JMeterThread: Thread finished: 64 Users x 5 Iterations 1-64
2026-04-22 21:34:35,586 INFO o.a.j.t.JMeterThread: Thread is done: 64 Users x 5 Iterations 1-51
2026-04-22 21:34:35,587 INFO o.a.j.t.JMeterThread: Thread finished: 64 Users x 5 Iterations 1-51
2026-04-22 21:34:35,615 INFO o.a.j.t.JMeterThread: Thread is done: 64 Users x 5 Iterations 1-43
2026-04-22 21:34:35,615 INFO o.a.j.t.JMeterThread: Thread finished: 64 Users x 5 Iterations 1-43
2026-04-22 21:34:35,638 INFO o.a.j.t.JMeterThread: Thread is done: 64 Users x 5 Iterations 1-42
2026-04-22 21:34:35,638 INFO o.a.j.t.JMeterThread: Thread finished: 64 Users x 5 Iterations 1-42
2026-04-22 21:34:35,647 INFO o.a.j.t.JMeterThread: Thread is done: 64 Users x 5 Iterations 1-58
2026-04-22 21:34:35,647 INFO o.a.j.t.JMeterThread: Thread finished: 64 Users x 5 Iterations 1-58
2026-04-22 21:34:35,649 INFO o.a.j.t.JMeterThread: Thread is done: 64 Users x 5 Iterations 1-50
2026-04-22 21:34:35,649 INFO o.a.j.t.JMeterThread: Thread finished: 64 Users x 5 Iterations 1-50
2026-04-22 21:34:35,665 INFO o.a.j.t.JMeterThread: Thread is done: 64 Users x 5 Iterations 1-63
2026-04-22 21:34:35,665 INFO o.a.j.t.JMeterThread: Thread finished: 64 Users x 5 Iterations 1-63
2026-04-22 21:34:35,681 INFO o.a.j.t.JMeterThread: Thread is done: 64 Users x 5 Iterations 1-41
2026-04-22 21:34:35,681 INFO o.a.j.t.JMeterThread: Thread finished: 64 Users x 5 Iterations 1-41
2026-04-22 21:34:35,684 INFO o.a.j.t.JMeterThread: Thread is done: 64 Users x 5 Iterations 1-59
2026-04-22 21:34:35,684 INFO o.a.j.t.JMeterThread: Thread finished: 64 Users x 5 Iterations 1-59
2026-04-22 21:34:35,697 INFO o.a.j.t.JMeterThread: Thread is done: 64 Users x 5 Iterations 1-44
2026-04-22 21:34:35,697 INFO o.a.j.t.JMeterThread: Thread finished: 64 Users x 5 Iterations 1-44
2026-04-22 21:34:35,700 INFO o.a.j.t.JMeterThread: Thread is done: 64 Users x 5 Iterations 1-54
2026-04-22 21:34:35,700 INFO o.a.j.t.JMeterThread: Thread finished: 64 Users x 5 Iterations 1-54
2026-04-22 21:34:35,700 INFO o.a.j.t.JMeterThread: Thread is done: 64 Users x 5 Iterations 1-53
2026-04-22 21:34:35,701 INFO o.a.j.t.JMeterThread: Thread finished: 64 Users x 5 Iterations 1-53
2026-04-22 21:34:35,710 INFO o.a.j.t.JMeterThread: Thread is done: 64 Users x 5 Iterations 1-40
2026-04-22 21:34:35,710 INFO o.a.j.t.JMeterThread: Thread finished: 64 Users x 5 Iterations 1-40
2026-04-22 21:34:35,713 INFO o.a.j.t.JMeterThread: Thread is done: 64 Users x 5 Iterations 1-57
2026-04-22 21:34:35,713 INFO o.a.j.t.JMeterThread: Thread is done: 64 Users x 5 Iterations 1-47
2026-04-22 21:34:35,713 INFO o.a.j.t.JMeterThread: Thread finished: 64 Users x 5 Iterations 1-57
2026-04-22 21:34:35,713 INFO o.a.j.t.JMeterThread: Thread finished: 64 Users x 5 Iterations 1-47
2026-04-22 21:34:35,719 INFO o.a.j.t.JMeterThread: Thread is done: 64 Users x 5 Iterations 1-61
2026-04-22 21:34:35,719 INFO o.a.j.t.JMeterThread: Thread finished: 64 Users x 5 Iterations 1-61
2026-04-22 21:34:35,730 INFO o.a.j.t.JMeterThread: Thread is done: 64 Users x 5 Iterations 1-37
2026-04-22 21:34:35,730 INFO o.a.j.t.JMeterThread: Thread finished: 64 Users x 5 Iterations 1-37
2026-04-22 21:34:35,731 INFO o.a.j.e.StandardJMeterEngine: Notifying test listeners of end of test
2026-04-22 21:34:35,735 INFO o.a.j.r.Summariser: summary +     71 in 00:00:04 =   16.5/s Avg:  4953 Min:  1485 Max:  7799 Err:     0 (0.00%) Active: 0 Started: 64 Finished: 64
2026-04-22 21:34:35,736 INFO o.a.j.r.Summariser: summary =    320 in 00:00:34 =    9.3/s Avg:  5558 Min:   255 Max: 10469 Err:     0 (0.00%)
2026-04-22 21:34:35,736 INFO o.a.j.JMeter: Generating Dashboard
2026-04-22 21:34:35,736 INFO o.a.j.r.d.ReportGenerator: Flushing result collector before report Generation
2026-04-22 21:34:35,761 INFO o.a.j.r.p.NormalizerSampleConsumer: Using format, 'ms', to parse timeStamp field
2026-04-22 21:34:36,355 INFO o.a.j.r.p.AbstractSampleConsumer: class org.apache.jmeter.report.processor.AggregateConsumer#stopProducing(): beginDate produced 0 samples
2026-04-22 21:34:36,355 INFO o.a.j.r.p.AbstractSampleConsumer: class org.apache.jmeter.report.processor.AggregateConsumer#stopProducing(): endDate produced 0 samples
2026-04-22 21:34:36,358 INFO o.a.j.r.p.AbstractSampleConsumer: class org.apache.jmeter.report.processor.ApdexSummaryConsumer#stopProducing(): apdexSummary produced 0 samples
2026-04-22 21:34:36,358 INFO o.a.j.r.p.AbstractSampleConsumer: class org.apache.jmeter.report.processor.RequestsSummaryConsumer#stopProducing(): requestsSummary produced 0 samples
2026-04-22 21:34:36,364 INFO o.a.j.r.p.AbstractSampleConsumer: class org.apache.jmeter.report.processor.StatisticsSummaryConsumer#stopProducing(): statisticsSummary produced 0 samples
2026-04-22 21:34:36,367 INFO o.a.j.r.p.AbstractSampleConsumer: class org.apache.jmeter.report.processor.Top5ErrorsBySamplerConsumer#stopProducing(): top5ErrorsBySampler produced 0 samples
2026-04-22 21:34:36,367 INFO o.a.j.r.p.AbstractSampleConsumer: class org.apache.jmeter.report.processor.ErrorsSummaryConsumer#stopProducing(): errorsSummary produced 0 samples
2026-04-22 21:34:36,367 INFO o.a.j.r.p.AbstractSampleConsumer: class org.apache.jmeter.report.processor.graph.impl.HitsPerSecondGraphConsumer#stopProducing(): hitsPerSecond produced 0 samples
2026-04-22 21:34:36,401 INFO o.a.j.r.p.AbstractSampleConsumer: class org.apache.jmeter.report.processor.graph.impl.LatencyVSRequestGraphConsumer#stopProducing(): latencyVsRequest produced 0 samples
2026-04-22 21:34:36,402 INFO o.a.j.r.p.AbstractSampleConsumer: class org.apache.jmeter.report.processor.graph.impl.SyntheticResponseTimeDistributionGraphConsumer#stopProducing(): syntheticResponseTimeDistribution produced 0 samples
2026-04-22 21:34:36,403 INFO o.a.j.r.p.AbstractSampleConsumer: class org.apache.jmeter.report.processor.graph.impl.BytesThroughputGraphConsumer#stopProducing(): bytesThroughputOverTime produced 0 samples
2026-04-22 21:34:36,403 INFO o.a.j.r.p.AbstractSampleConsumer: class org.apache.jmeter.report.processor.graph.impl.CodesPerSecondGraphConsumer#stopProducing(): codesPerSecond produced 0 samples
2026-04-22 21:34:36,416 INFO o.a.j.r.p.AbstractSampleConsumer: class org.apache.jmeter.report.processor.graph.impl.ResponseTimeVSRequestGraphConsumer#stopProducing(): responseTimeVsRequest produced 0 samples
2026-04-22 21:34:36,418 INFO o.a.j.r.p.AbstractSampleConsumer: class org.apache.jmeter.report.processor.FilterConsumer#stopProducing(): startIntervalControlerFilter produced 2240 samples
2026-04-22 21:34:36,418 INFO o.a.j.r.p.AbstractSampleConsumer: class org.apache.jmeter.report.processor.graph.impl.TotalTPSGraphConsumer#stopProducing(): totalTPS produced 0 samples
2026-04-22 21:34:36,418 INFO o.a.j.r.p.AbstractSampleConsumer: class org.apache.jmeter.report.processor.graph.impl.ActiveThreadsGraphConsumer#stopProducing(): activeThreadsOverTime produced 0 samples
2026-04-22 21:34:36,418 INFO o.a.j.r.p.AbstractSampleConsumer: class org.apache.jmeter.report.processor.graph.impl.TimeVSThreadGraphConsumer#stopProducing(): timeVsThreads produced 0 samples
2026-04-22 21:34:36,418 INFO o.a.j.r.p.AbstractSampleConsumer: class org.apache.jmeter.report.processor.graph.impl.ResponseTimeDistributionGraphConsumer#stopProducing(): responseTimeDistribution produced 0 samples
2026-04-22 21:34:36,419 INFO o.a.j.r.p.AbstractSampleConsumer: class org.apache.jmeter.report.processor.graph.impl.TransactionsPerSecondGraphConsumer#stopProducing(): transactionsPerSecond produced 0 samples
2026-04-22 21:34:36,419 INFO o.a.j.r.p.AbstractSampleConsumer: class org.apache.jmeter.report.processor.graph.impl.ResponseTimePercentilesGraphConsumer#stopProducing(): responseTimePercentiles produced 0 samples
2026-04-22 21:34:36,421 INFO o.a.j.r.p.AbstractSampleConsumer: class org.apache.jmeter.report.processor.graph.impl.ResponseTimePercentilesOverTimeGraphConsumer#stopProducing(): responseTimePercentilesOverTime produced 0 samples
2026-04-22 21:34:36,421 INFO o.a.j.r.p.AbstractSampleConsumer: class org.apache.jmeter.report.processor.graph.impl.ResponseTimeOverTimeGraphConsumer#stopProducing(): responseTimesOverTime produced 0 samples
2026-04-22 21:34:36,421 INFO o.a.j.r.p.AbstractSampleConsumer: class org.apache.jmeter.report.processor.graph.impl.ConnectTimeOverTimeGraphConsumer#stopProducing(): connectTimeOverTime produced 0 samples
2026-04-22 21:34:36,421 INFO o.a.j.r.p.AbstractSampleConsumer: class org.apache.jmeter.report.processor.graph.impl.LatencyOverTimeGraphConsumer#stopProducing(): latenciesOverTime produced 0 samples
2026-04-22 21:34:36,421 INFO o.a.j.r.p.AbstractSampleConsumer: class org.apache.jmeter.report.processor.FilterConsumer#stopProducing(): nameFilter produced 4800 samples
2026-04-22 21:34:36,421 INFO o.a.j.r.p.AbstractSampleConsumer: class org.apache.jmeter.report.processor.FilterConsumer#stopProducing(): dateRangeFilter produced 960 samples
2026-04-22 21:34:36,421 INFO o.a.j.r.p.AbstractSampleConsumer: class org.apache.jmeter.report.processor.NormalizerSampleConsumer#stopProducing(): normalizer produced 320 samples
2026-04-22 21:34:36,422 INFO o.a.j.r.p.CsvFileSampleSource: produce(): 320 samples produced in 542ms on channel 0
2026-04-22 21:34:36,422 INFO o.a.j.r.d.ReportGenerator: Exporting data using exporter:'json' of className:'org.apache.jmeter.report.dashboard.JsonExporter'
2026-04-22 21:34:36,623 INFO o.a.j.r.d.JsonExporter: Found data for consumer statisticsSummary in context
2026-04-22 21:34:36,624 INFO o.a.j.r.d.JsonExporter: Creating statistics for overall
2026-04-22 21:34:36,626 INFO o.a.j.r.d.JsonExporter: Creating statistics for other transactions
2026-04-22 21:34:36,628 INFO o.a.j.r.d.JsonExporter: Checking output folder
2026-04-22 21:34:36,631 INFO o.a.j.r.d.JsonExporter: Writing statistics JSON to C:\Users\Asus\Desktop\ПНАЯВУ\JobSearchPlatform\JMeter\results\html-report\statistics.json
2026-04-22 21:34:36,716 INFO o.a.j.r.d.ReportGenerator: Exporting data using exporter:'html' of className:'org.apache.jmeter.report.dashboard.HtmlTemplateExporter'
2026-04-22 21:34:36,723 INFO o.a.j.r.d.HtmlTemplateExporter: Will generate dashboard in folder: C:\Users\Asus\Desktop\ПНАЯВУ\JobSearchPlatform\JMeter\results\html-report
2026-04-22 21:34:36,941 INFO o.a.j.r.d.HtmlTemplateExporter: Report will be generated in: C:\Users\Asus\Desktop\ПНАЯВУ\JobSearchPlatform\JMeter\results\html-report, creating folder structure
2026-04-22 21:34:36,947 INFO o.a.j.r.d.TemplateVisitor: Copying folder from 'C:\Users\Asus\Desktop\ПНАЯВУ\JobSearchPlatform\JMeter\apache-jmeter-5.6.3\bin\report-template' to 'C:\Users\Asus\Desktop\ПНАЯВУ\JobSearchPlatform\JMeter\results\html-report', got message: C:\Users\Asus\Desktop\ПНАЯВУ\JobSearchPlatform\JMeter\results\html-report, found non empty folder with following content [C:\Users\Asus\Desktop\ПНАЯВУ\JobSearchPlatform\JMeter\results\html-report\statistics.json], will be ignored
2026-04-22 21:34:37,691 INFO o.a.j.JMeter: Dashboard generated
